<?xml version="1.0" encoding="UTF-8"?>
<!-- Generated by org.testng.reporters.JUnitXMLReporter -->
<testsuite hostname="ISIPL-PUNV-L384" ignored="0" name="Car Price Test" tests="4" failures="3" timestamp="19 Sep 2022 14:46:06 GMT" time="45.7" errors="0">
  <testcase name="carPriceTest" time="11.106" classname="testcases.CarPriceTest">
    <failure type="java.lang.IndexOutOfBoundsException" message="Index: 15, Size: 15">
      <![CDATA[java.lang.IndexOutOfBoundsException: Index: 15, Size: 15
at java.util.ArrayList.rangeCheck(ArrayList.java:657)
at java.util.ArrayList.get(ArrayList.java:433)
at org.openqa.selenium.support.pagefactory.internal.LocatingElementListHandler.invoke(LocatingElementListHandler.java:39)
at com.sun.proxy.$Proxy10.get(Unknown Source)
at base.CarBase.getCarNameAndPrice(CarBase.java:49)
at testcases.CarPriceTest.carPriceTest(CarPriceTest.java:55)
... Removed 28 stack frames]]>
    </failure>
  </testcase> <!-- carPriceTest -->
  <testcase name="carPriceTest" time="10.427" classname="testcases.CarPriceTest">
    <failure type="java.lang.IndexOutOfBoundsException" message="Index: 8, Size: 8">
      <![CDATA[java.lang.IndexOutOfBoundsException: Index: 8, Size: 8
at java.util.ArrayList.rangeCheck(ArrayList.java:657)
at java.util.ArrayList.get(ArrayList.java:433)
at org.openqa.selenium.support.pagefactory.internal.LocatingElementListHandler.invoke(LocatingElementListHandler.java:39)
at com.sun.proxy.$Proxy10.get(Unknown Source)
at base.CarBase.getCarNameAndPrice(CarBase.java:49)
at testcases.CarPriceTest.carPriceTest(CarPriceTest.java:47)
... Removed 28 stack frames]]>
    </failure>
  </testcase> <!-- carPriceTest -->
  <testcase name="carPriceTest" time="9.331" classname="testcases.CarPriceTest"/>
  <testcase name="carPriceTest" time="10.835" classname="testcases.CarPriceTest">
    <failure type="java.lang.IndexOutOfBoundsException" message="Index: 11, Size: 11">
      <![CDATA[java.lang.IndexOutOfBoundsException: Index: 11, Size: 11
at java.util.ArrayList.rangeCheck(ArrayList.java:657)
at java.util.ArrayList.get(ArrayList.java:433)
at org.openqa.selenium.support.pagefactory.internal.LocatingElementListHandler.invoke(LocatingElementListHandler.java:39)
at com.sun.proxy.$Proxy10.get(Unknown Source)
at base.CarBase.getCarNameAndPrice(CarBase.java:49)
at testcases.CarPriceTest.carPriceTest(CarPriceTest.java:30)
... Removed 28 stack frames]]>
    </failure>
  </testcase> <!-- carPriceTest -->
</testsuite> <!-- Car Price Test -->
