<?xml version="1.0" encoding="UTF-8"?>
<!-- Generated by org.testng.reporters.JUnitXMLReporter -->
<testsuite hostname="ISIPL-PUNV-L384" ignored="0" name="Find Car Test" tests="4" failures="0" timestamp="19 Sep 2022 14:45:20 GMT" time="46.384" errors="0">
  <testcase name="findCarTest" time="11.894" classname="testcases.FindCarTest"/>
  <testcase name="findCarTest" time="10.362" classname="testcases.FindCarTest"/>
  <testcase name="findCarTest" time="10.411" classname="testcases.FindCarTest"/>
  <testcase name="findCarTest" time="10.68" classname="testcases.FindCarTest"/>
</testsuite> <!-- Find Car Test -->
