<?xml version="1.0" encoding="UTF-8"?>
<!-- Generated by org.testng.reporters.JUnitXMLReporter -->
<testsuite hostname="ISIPL-PUNV-L384" ignored="0" name="Sample Test" tests="9" failures="2" timestamp="22 Sep 2022 08:39:59 GMT" time="2.134" errors="0">
  <testcase name="@AfterMethod tearDown" time="0.002" classname="base.BaseTest">
    <failure type="java.lang.NullPointerException">
      <![CDATA[java.lang.NullPointerException
at base.BaseTest.tearDown(BaseTest.java:162)
... Removed 28 stack frames]]>
    </failure>
  </testcase> <!-- @AfterMethod tearDown -->
  <testcase name="@AfterMethod tearDown" time="0.0" classname="base.BaseTest">
    <skipped/>
  </testcase> <!-- @AfterMethod tearDown -->
  <testcase name="@AfterMethod tearDown" time="0.0" classname="base.BaseTest">
    <skipped/>
  </testcase> <!-- @AfterMethod tearDown -->
  <testcase name="@AfterMethod tearDown" time="0.0" classname="base.BaseTest">
    <skipped/>
  </testcase> <!-- @AfterMethod tearDown -->
  <testcase name="@AfterMethod tearDown" time="0.0" classname="base.BaseTest">
    <skipped/>
  </testcase> <!-- @AfterMethod tearDown -->
  <testcase name="@AfterMethod tearDown" time="0.0" classname="base.BaseTest">
    <skipped/>
  </testcase> <!-- @AfterMethod tearDown -->
  <testcase name="@AfterMethod tearDown" time="0.0" classname="base.BaseTest">
    <skipped/>
  </testcase> <!-- @AfterMethod tearDown -->
  <testcase name="loginTest" time="2.019" classname="testcases.LoginTest">
    <skipped/>
  </testcase> <!-- loginTest -->
  <testcase name="loginTest" time="0.0" classname="testcases.LoginTest">
    <skipped/>
  </testcase> <!-- loginTest -->
  <testcase name="loginTest" time="0.0" classname="testcases.LoginTest">
    <skipped/>
  </testcase> <!-- loginTest -->
  <testcase name="loginTest" time="0.0" classname="testcases.LoginTest">
    <skipped/>
  </testcase> <!-- loginTest -->
  <testcase name="loginTest" time="0.0" classname="testcases.LoginTest">
    <skipped/>
  </testcase> <!-- loginTest -->
  <testcase name="loginTest" time="0.0" classname="testcases.LoginTest">
    <skipped/>
  </testcase> <!-- loginTest -->
  <testcase name="loginTest" time="0.0" classname="testcases.LoginTest">
    <skipped/>
  </testcase> <!-- loginTest -->
  <testcase name="sampleTest" time="0.0" classname="testcases.V2E_Tests">
    <failure type="java.lang.ArrayIndexOutOfBoundsException" message="0">
      <![CDATA[java.lang.ArrayIndexOutOfBoundsException: 0
at extentlisteners.ExtentListeners.onTestStart(ExtentListeners.java:53)
... Removed 22 stack frames]]>
    </failure>
  </testcase> <!-- sampleTest -->
  <testcase name="sampleTest" time="0.003" classname="testcases.V2E_Tests">
    <failure type="java.lang.NullPointerException">
      <![CDATA[java.lang.NullPointerException
at extentlisteners.ExtentManager.captureScreenshot(ExtentManager.java:56)
at extentlisteners.ExtentListeners.onTestFailure(ExtentListeners.java:74)
... Removed 22 stack frames]]>
    </failure>
  </testcase> <!-- sampleTest -->
</testsuite> <!-- Sample Test -->
