<?xml version="1.0" encoding="UTF-8"?>
<!-- Generated by org.testng.reporters.JUnitXMLReporter -->
<testsuite hostname="ISIPL-PUNV-L384" ignored="0" name="V2E Test" tests="7" failures="0" timestamp="22 Sep 2022 05:00:05 GMT" time="39.439" errors="0">
  <testcase name="loginTest" time="26.651" classname="testcases.SanityTest"/>
  <testcase name="loginTest" time="2.004" classname="testcases.SanityTest">
    <skipped/>
  </testcase> <!-- loginTest -->
  <testcase name="loginTest" time="2.002" classname="testcases.SanityTest"/>
  <testcase name="loginTest" time="2.002" classname="testcases.SanityTest"/>
  <testcase name="loginTest" time="2.003" classname="testcases.SanityTest"/>
  <testcase name="loginTest" time="2.003" classname="testcases.SanityTest"/>
  <testcase name="loginTest" time="2.012" classname="testcases.SanityTest"/>
</testsuite> <!-- V2E Test -->
