<!DOCTYPE html>

<html>
  <head>
  <meta charset='utf-8'>
  <title>TestNG reports</title>

    <link type="text/css" href="testng-reports.css" rel="stylesheet" />
    <script type="text/javascript" src="jquery-1.7.1.min.js"></script>
    <script type="text/javascript" src="testng-reports.js"></script>
    <script type="text/javascript" src="https://www.google.com/jsapi"></script>
    <script type='text/javascript'>
      google.load('visualization', '1', {packages:['table']});
      google.setOnLoadCallback(drawTable);
      var suiteTableInitFunctions = new Array();
      var suiteTableData = new Array();
    </script>
    <!--
      <script type="text/javascript" src="jquery-ui/js/jquery-ui-1.8.16.custom.min.js"></script>
     -->
  </head>

  <body>
    <div class="top-banner-root">
      <span class="top-banner-title-font">Test results</span>
      <br/>
      <span class="top-banner-font-1">1 suite, 2 failed tests</span>
    </div> <!-- top-banner-root -->
    <div class="navigator-root">
      <div class="navigator-suite-header">
        <span>All suites</span>
        <a href="#" class="collapse-all-link" title="Collapse/expand all the suites">
          <img class="collapse-all-icon" src="collapseall.gif">
          </img> <!-- collapse-all-icon -->
        </a> <!-- collapse-all-link -->
      </div> <!-- navigator-suite-header -->
      <div class="suite">
        <div class="rounded-window">
          <div class="suite-header light-rounded-window-top">
            <a href="#" class="navigator-link" panel-name="suite-Data_Driven_Test">
              <span class="suite-name border-failed">Data Driven Test</span>
            </a> <!-- navigator-link -->
          </div> <!-- suite-header light-rounded-window-top -->
          <div class="navigator-suite-content">
            <div class="suite-section-title">
              <span>Info</span>
            </div> <!-- suite-section-title -->
            <div class="suite-section-content">
              <ul>
                <li>
                  <a href="#" class="navigator-link " panel-name="test-xml-Data_Driven_Test">
                    <span>C:\Users\VikramPhatangare\eclipse-workspace\PageObjectModelWithPageFactories\src\test\resources\runner\testng.xml</span>
                  </a> <!-- navigator-link  -->
                </li>
                <li>
                  <a href="#" class="navigator-link " panel-name="testlist-Data_Driven_Test">
                    <span class="test-stats">1 test</span>
                  </a> <!-- navigator-link  -->
                </li>
                <li>
                  <a href="#" class="navigator-link " panel-name="group-Data_Driven_Test">
                    <span>0 groups</span>
                  </a> <!-- navigator-link  -->
                </li>
                <li>
                  <a href="#" class="navigator-link " panel-name="times-Data_Driven_Test">
                    <span>Times</span>
                  </a> <!-- navigator-link  -->
                </li>
                <li>
                  <a href="#" class="navigator-link " panel-name="reporter-Data_Driven_Test">
                    <span>Reporter output</span>
                  </a> <!-- navigator-link  -->
                </li>
                <li>
                  <a href="#" class="navigator-link " panel-name="ignored-methods-Data_Driven_Test">
                    <span>Ignored methods</span>
                  </a> <!-- navigator-link  -->
                </li>
                <li>
                  <a href="#" class="navigator-link " panel-name="chronological-Data_Driven_Test">
                    <span>Chronological view</span>
                  </a> <!-- navigator-link  -->
                </li>
              </ul>
            </div> <!-- suite-section-content -->
            <div class="result-section">
              <div class="suite-section-title">
                <span>Results</span>
              </div> <!-- suite-section-title -->
              <div class="suite-section-content">
                <ul>
                  <li>
                    <span class="method-stats">9 methods, 2 failed,  6 skipped,  1 passed</span>
                  </li>
                  <li>
                    <span class="method-list-title failed">Failed methods</span>
                    <span class="show-or-hide-methods failed">
                      <a href="#" panel-name="suite-Data_Driven_Test" class="hide-methods failed suite-Data_Driven_Test"> (hide)</a> <!-- hide-methods failed suite-Data_Driven_Test -->
                      <a href="#" panel-name="suite-Data_Driven_Test" class="show-methods failed suite-Data_Driven_Test"> (show)</a> <!-- show-methods failed suite-Data_Driven_Test -->
                    </span>
                    <div class="method-list-content failed suite-Data_Driven_Test">
                      <span>
                        <img width="3%" src="failed.png"/>
                        <a href="#" class="method navigator-link" panel-name="suite-Data_Driven_Test" title="testcases.V2E_Tests" hash-for-method="sampleTest(https://www.gmail.com, chrome)">sampleTest(https://www.gmail.com, chrome)</a> <!-- method navigator-link -->
                      </span>
                      <br/>
                      <span>
                        <img width="3%" src="failed.png"/>
                        <a href="#" class="method navigator-link" panel-name="suite-Data_Driven_Test" title="testcases.V2E_Tests" hash-for-method="sampleTest(https://www.google.com, chrome)">sampleTest(https://www.google.com, chrome)</a> <!-- method navigator-link -->
                      </span>
                      <br/>
                    </div> <!-- method-list-content failed suite-Data_Driven_Test -->
                  </li>
                  <li>
                    <span class="method-list-title skipped">Skipped methods</span>
                    <span class="show-or-hide-methods skipped">
                      <a href="#" panel-name="suite-Data_Driven_Test" class="hide-methods skipped suite-Data_Driven_Test"> (hide)</a> <!-- hide-methods skipped suite-Data_Driven_Test -->
                      <a href="#" panel-name="suite-Data_Driven_Test" class="show-methods skipped suite-Data_Driven_Test"> (show)</a> <!-- show-methods skipped suite-Data_Driven_Test -->
                    </span>
                    <div class="method-list-content skipped suite-Data_Driven_Test">
                      <span>
                        <img width="3%" src="skipped.png"/>
                        <a href="#" class="method navigator-link" panel-name="suite-Data_Driven_Test" title="testcases.SanityTest" hash-for-method="sanityTest(Manage my credit, https://pguk-hx.ie1.qa2b.affiniongroup.com/?ref=UKAIHOMEPG0026, chrome, testdata@g...)">sanityTest(Manage my credit, https://pguk-hx.ie1.qa2b.affiniongroup.com/?ref=UKAIHOMEPG0026, chrome, testdata@g...)</a> <!-- method navigator-link -->
                      </span>
                      <br/>
                      <span>
                        <img width="3%" src="skipped.png"/>
                        <a href="#" class="method navigator-link" panel-name="suite-Data_Driven_Test" title="testcases.SanityTest" hash-for-method="sanityTest(Identity Secure, https:///pguk-hx.ie1.qa2b.affiniongroup.com/?ref=UKLZ1STDFLT0002, chrome, diptipate...)">sanityTest(Identity Secure, https:///pguk-hx.ie1.qa2b.affiniongroup.com/?ref=UKLZ1STDFLT0002, chrome, diptipate...)</a> <!-- method navigator-link -->
                      </span>
                      <br/>
                      <span>
                        <img width="3%" src="skipped.png"/>
                        <a href="#" class="method navigator-link" panel-name="suite-Data_Driven_Test" title="testcases.SanityTest" hash-for-method="sanityTest(Privacy Guard UK, https://pguk-hx.ie1.qa2b.affiniongroup.com/?source=jC7IAYwrzsRyfyw34Q8u6w==, chrom...)">sanityTest(Privacy Guard UK, https://pguk-hx.ie1.qa2b.affiniongroup.com/?source=jC7IAYwrzsRyfyw34Q8u6w==, chrom...)</a> <!-- method navigator-link -->
                      </span>
                      <br/>
                      <span>
                        <img width="3%" src="skipped.png"/>
                        <a href="#" class="method navigator-link" panel-name="suite-Data_Driven_Test" title="testcases.SanityTest" hash-for-method="sanityTest(American Express Identity Defence, https://pguk-hx.ie1.qa2b.affiniongroup.com/?ref=UKAMXSTDFLT0001, ...)">sanityTest(American Express Identity Defence, https://pguk-hx.ie1.qa2b.affiniongroup.com/?ref=UKAMXSTDFLT0001, ...)</a> <!-- method navigator-link -->
                      </span>
                      <br/>
                      <span>
                        <img width="3%" src="skipped.png"/>
                        <a href="#" class="method navigator-link" panel-name="suite-Data_Driven_Test" title="testcases.SanityTest" hash-for-method="sanityTest((Vanquis) Credit Tracker Identiy, https://pguk-hx.ie1.qa2b.affiniongroup.com/?source=OnSaHXM7BvXQ6mD...)">sanityTest((Vanquis) Credit Tracker Identiy, https://pguk-hx.ie1.qa2b.affiniongroup.com/?source=OnSaHXM7BvXQ6mD...)</a> <!-- method navigator-link -->
                      </span>
                      <br/>
                      <span>
                        <img width="3%" src="skipped.png"/>
                        <a href="#" class="method navigator-link" panel-name="suite-Data_Driven_Test" title="testcases.SanityTest" hash-for-method="sanityTest(My Credit Tracker, https://pguk-hx.ie1.qa2b.affiniongroup.com/?ref=UKGENSTDFLT0002, chrome, jennysto...)">sanityTest(My Credit Tracker, https://pguk-hx.ie1.qa2b.affiniongroup.com/?ref=UKGENSTDFLT0002, chrome, jennysto...)</a> <!-- method navigator-link -->
                      </span>
                      <br/>
                    </div> <!-- method-list-content skipped suite-Data_Driven_Test -->
                  </li>
                  <li>
                    <span class="method-list-title passed">Passed methods</span>
                    <span class="show-or-hide-methods passed">
                      <a href="#" panel-name="suite-Data_Driven_Test" class="hide-methods passed suite-Data_Driven_Test"> (hide)</a> <!-- hide-methods passed suite-Data_Driven_Test -->
                      <a href="#" panel-name="suite-Data_Driven_Test" class="show-methods passed suite-Data_Driven_Test"> (show)</a> <!-- show-methods passed suite-Data_Driven_Test -->
                    </span>
                    <div class="method-list-content passed suite-Data_Driven_Test">
                      <span>
                        <img width="3%" src="passed.png"/>
                        <a href="#" class="method navigator-link" panel-name="suite-Data_Driven_Test" title="testcases.SanityTest" hash-for-method="sanityTest(My Credit Monitor, https://pguk-hx.ie1.qa2b.affiniongroup.com/?source=rqkQ2GTcaKt64j+2BMdssg, chrome...)">sanityTest(My Credit Monitor, https://pguk-hx.ie1.qa2b.affiniongroup.com/?source=rqkQ2GTcaKt64j+2BMdssg, chrome...)</a> <!-- method navigator-link -->
                      </span>
                      <br/>
                    </div> <!-- method-list-content passed suite-Data_Driven_Test -->
                  </li>
                </ul>
              </div> <!-- suite-section-content -->
            </div> <!-- result-section -->
          </div> <!-- navigator-suite-content -->
        </div> <!-- rounded-window -->
      </div> <!-- suite -->
    </div> <!-- navigator-root -->
    <div class="wrapper">
      <div class="main-panel-root">
        <div panel-name="suite-Data_Driven_Test" class="panel Data_Driven_Test">
          <div class="suite-Data_Driven_Test-class-failed">
            <div class="main-panel-header rounded-window-top">
              <img src="failed.png"/>
              <span class="class-name">testcases.V2E_Tests</span>
            </div> <!-- main-panel-header rounded-window-top -->
            <div class="main-panel-content rounded-window-bottom">
              <div class="method">
                <div class="method-content">
                  <a name="sampleTest(https://www.gmail.com, chrome)">
                  </a> <!-- sampleTest(https://www.gmail.com, chrome) -->
                  <span class="method-name">sampleTest</span>
                  <span class="parameters">(https://www.gmail.com, chrome)</span>
                  <div class="stack-trace">org.openqa.selenium.NoSuchElementException: no such element: Unable to locate element: {&quot;method&quot;:&quot;xpath&quot;,&quot;selector&quot;:&quot;/html/body/div[1]/div[3]/form/div[1]/div[1]/div[3]/center/input[1]&quot;}
  (Session info: chrome=104.0.5112.102)
For documentation on this error, please visit: https://www.seleniumhq.org/exceptions/no_such_element.html
Build info: version: &apos;3.141.59&apos;, revision: &apos;e82be7d358&apos;, time: &apos;2018-11-14T08:17:03&apos;
System info: host: &apos;ISIPL-PUNV-L384&apos;, ip: &apos;192.168.0.103&apos;, os.name: &apos;Windows 10&apos;, os.arch: &apos;amd64&apos;, os.version: &apos;10.0&apos;, java.version: &apos;1.8.0_202&apos;
Driver info: org.openqa.selenium.chrome.ChromeDriver
Capabilities {acceptInsecureCerts: false, browserName: chrome, browserVersion: 104.0.5112.102, chrome: {chromedriverVersion: 104.0.5112.79 (3cf3e8c8a07d..., userDataDir: C:\Users\VIKRAM~1\AppData\L...}, goog:chromeOptions: {debuggerAddress: localhost:56051}, javascriptEnabled: true, networkConnectionEnabled: false, pageLoadStrategy: normal, platform: WINDOWS, platformName: WINDOWS, proxy: Proxy(), setWindowRect: true, strictFileInteractability: false, timeouts: {implicit: 0, pageLoad: 300000, script: 30000}, unhandledPromptBehavior: dismiss and notify, webauthn:extension:credBlob: true, webauthn:extension:largeBlob: true, webauthn:virtualAuthenticators: true}
Session ID: f7d0a8430220a73f64bb28a650a9beaa
*** Element info: {Using=xpath, value=/html/body/div[1]/div[3]/form/div[1]/div[1]/div[3]/center/input[1]}
	at org.openqa.selenium.remote.http.W3CHttpResponseCodec.createException(W3CHttpResponseCodec.java:187)
	at org.openqa.selenium.remote.http.W3CHttpResponseCodec.decode(W3CHttpResponseCodec.java:122)
	at org.openqa.selenium.remote.http.W3CHttpResponseCodec.decode(W3CHttpResponseCodec.java:49)
	at org.openqa.selenium.remote.HttpCommandExecutor.execute(HttpCommandExecutor.java:158)
	at org.openqa.selenium.remote.service.DriverCommandExecutor.execute(DriverCommandExecutor.java:83)
	at org.openqa.selenium.remote.RemoteWebDriver.execute(RemoteWebDriver.java:552)
	at org.openqa.selenium.remote.RemoteWebDriver.findElement(RemoteWebDriver.java:323)
	at org.openqa.selenium.remote.RemoteWebDriver.findElementByXPath(RemoteWebDriver.java:428)
	at org.openqa.selenium.By$ByXPath.findElement(By.java:353)
	at org.openqa.selenium.remote.RemoteWebDriver.findElement(RemoteWebDriver.java:315)
	at org.openqa.selenium.support.pagefactory.DefaultElementLocator.findElement(DefaultElementLocator.java:69)
	at org.openqa.selenium.support.pagefactory.internal.LocatingElementHandler.invoke(LocatingElementHandler.java:38)
	at com.sun.proxy.$Proxy15.click(Unknown Source)
	at pages.UK.UK_PrivacyGuard.ClickGooglebtn(UK_PrivacyGuard.java:54)
	at testcases.V2E_Tests.sampleTest(V2E_Tests.java:19)
... Removed 29 stack frames
</div> <!-- stack-trace -->
                </div> <!-- method-content -->
              </div> <!-- method -->
              <div class="method">
                <div class="method-content">
                  <a name="sampleTest(https://www.google.com, chrome)">
                  </a> <!-- sampleTest(https://www.google.com, chrome) -->
                  <span class="method-name">sampleTest</span>
                  <span class="parameters">(https://www.google.com, chrome)</span>
                  <div class="stack-trace">java.lang.AssertionError: expected [0] but found [1]
	at testcases.V2E_Tests.sampleTest(V2E_Tests.java:20)
... Removed 31 stack frames
</div> <!-- stack-trace -->
                </div> <!-- method-content -->
              </div> <!-- method -->
            </div> <!-- main-panel-content rounded-window-bottom -->
          </div> <!-- suite-Data_Driven_Test-class-failed -->
          <div class="suite-Data_Driven_Test-class-skipped">
            <div class="main-panel-header rounded-window-top">
              <img src="skipped.png"/>
              <span class="class-name">testcases.SanityTest</span>
            </div> <!-- main-panel-header rounded-window-top -->
            <div class="main-panel-content rounded-window-bottom">
              <div class="method">
                <div class="method-content">
                  <a name="sanityTest(Manage my credit, https://pguk-hx.ie1.qa2b.affiniongroup.com/?ref=UKAIHOMEPG0026, chrome, testdata@g...)">
                  </a> <!-- sanityTest(Manage my credit, https://pguk-hx.ie1.qa2b.affiniongroup.com/?ref=UKAIHOMEPG0026, chrome, testdata@g...) -->
                  <span class="method-name">sanityTest</span>
                  <span class="parameters">(Manage my credit, https://pguk-hx.ie1.qa2b.affiniongroup.com/?ref=UKAIHOMEPG0026, chrome, testdata@gmail.com, Password1, N)</span>
                  <div class="stack-trace">org.testng.SkipException: Skipping the test as the run mode is NO
	at base.BaseTest.checkRunmode(BaseTest.java:105)
	at testcases.SanityTest.sanityTest(SanityTest.java:76)
... Removed 25 stack frames
</div> <!-- stack-trace -->
                </div> <!-- method-content -->
              </div> <!-- method -->
              <div class="method">
                <div class="method-content">
                  <a name="sanityTest(Identity Secure, https:///pguk-hx.ie1.qa2b.affiniongroup.com/?ref=UKLZ1STDFLT0002, chrome, diptipate...)">
                  </a> <!-- sanityTest(Identity Secure, https:///pguk-hx.ie1.qa2b.affiniongroup.com/?ref=UKLZ1STDFLT0002, chrome, diptipate...) -->
                  <span class="method-name">sanityTest</span>
                  <span class="parameters">(Identity Secure, https:///pguk-hx.ie1.qa2b.affiniongroup.com/?ref=UKLZ1STDFLT0002, chrome, diptipatel1608@gmail.com, Password1, N)</span>
                  <div class="stack-trace">org.testng.SkipException: Skipping the test as the run mode is NO
	at base.BaseTest.checkRunmode(BaseTest.java:105)
	at testcases.SanityTest.sanityTest(SanityTest.java:89)
... Removed 25 stack frames
</div> <!-- stack-trace -->
                </div> <!-- method-content -->
              </div> <!-- method -->
              <div class="method">
                <div class="method-content">
                  <a name="sanityTest(Privacy Guard UK, https://pguk-hx.ie1.qa2b.affiniongroup.com/?source=jC7IAYwrzsRyfyw34Q8u6w==, chrom...)">
                  </a> <!-- sanityTest(Privacy Guard UK, https://pguk-hx.ie1.qa2b.affiniongroup.com/?source=jC7IAYwrzsRyfyw34Q8u6w==, chrom...) -->
                  <span class="method-name">sanityTest</span>
                  <span class="parameters">(Privacy Guard UK, https://pguk-hx.ie1.qa2b.affiniongroup.com/?source=jC7IAYwrzsRyfyw34Q8u6w==, chrome, dipti100, Password1, N)</span>
                  <div class="stack-trace">org.testng.SkipException: Skipping the test as the run mode is NO
	at base.BaseTest.checkRunmode(BaseTest.java:105)
	at testcases.SanityTest.sanityTest(SanityTest.java:63)
... Removed 25 stack frames
</div> <!-- stack-trace -->
                </div> <!-- method-content -->
              </div> <!-- method -->
              <div class="method">
                <div class="method-content">
                  <a name="sanityTest(American Express Identity Defence, https://pguk-hx.ie1.qa2b.affiniongroup.com/?ref=UKAMXSTDFLT0001, ...)">
                  </a> <!-- sanityTest(American Express Identity Defence, https://pguk-hx.ie1.qa2b.affiniongroup.com/?ref=UKAMXSTDFLT0001, ...) -->
                  <span class="method-name">sanityTest</span>
                  <span class="parameters">(American Express Identity Defence, https://pguk-hx.ie1.qa2b.affiniongroup.com/?ref=UKAMXSTDFLT0001, chrome, MRY@gmail.com, Password1, N)</span>
                  <div class="stack-trace">org.testng.SkipException: Skipping the test as the run mode is NO
	at base.BaseTest.checkRunmode(BaseTest.java:105)
	at testcases.SanityTest.sanityTest(SanityTest.java:128)
... Removed 25 stack frames
</div> <!-- stack-trace -->
                </div> <!-- method-content -->
              </div> <!-- method -->
              <div class="method">
                <div class="method-content">
                  <a name="sanityTest((Vanquis) Credit Tracker Identiy, https://pguk-hx.ie1.qa2b.affiniongroup.com/?source=OnSaHXM7BvXQ6mD...)">
                  </a> <!-- sanityTest((Vanquis) Credit Tracker Identiy, https://pguk-hx.ie1.qa2b.affiniongroup.com/?source=OnSaHXM7BvXQ6mD...) -->
                  <span class="method-name">sanityTest</span>
                  <span class="parameters">((Vanquis) Credit Tracker Identiy, https://pguk-hx.ie1.qa2b.affiniongroup.com/?source=OnSaHXM7BvXQ6mD37Zu3yQ==, chrome, ssltest@gmail.com, Password1, N)</span>
                  <div class="stack-trace">org.testng.SkipException: Skipping the test as the run mode is NO
	at base.BaseTest.checkRunmode(BaseTest.java:105)
	at testcases.SanityTest.sanityTest(SanityTest.java:102)
... Removed 25 stack frames
</div> <!-- stack-trace -->
                </div> <!-- method-content -->
              </div> <!-- method -->
              <div class="method">
                <div class="method-content">
                  <a name="sanityTest(My Credit Tracker, https://pguk-hx.ie1.qa2b.affiniongroup.com/?ref=UKGENSTDFLT0002, chrome, jennysto...)">
                  </a> <!-- sanityTest(My Credit Tracker, https://pguk-hx.ie1.qa2b.affiniongroup.com/?ref=UKGENSTDFLT0002, chrome, jennysto...) -->
                  <span class="method-name">sanityTest</span>
                  <span class="parameters">(My Credit Tracker, https://pguk-hx.ie1.qa2b.affiniongroup.com/?ref=UKGENSTDFLT0002, chrome, jennystork@gmail.com, Password1, N)</span>
                  <div class="stack-trace">org.testng.SkipException: Skipping the test as the run mode is NO
	at base.BaseTest.checkRunmode(BaseTest.java:105)
	at testcases.SanityTest.sanityTest(SanityTest.java:115)
... Removed 25 stack frames
</div> <!-- stack-trace -->
                </div> <!-- method-content -->
              </div> <!-- method -->
            </div> <!-- main-panel-content rounded-window-bottom -->
          </div> <!-- suite-Data_Driven_Test-class-skipped -->
          <div class="suite-Data_Driven_Test-class-passed">
            <div class="main-panel-header rounded-window-top">
              <img src="passed.png"/>
              <span class="class-name">testcases.SanityTest</span>
            </div> <!-- main-panel-header rounded-window-top -->
            <div class="main-panel-content rounded-window-bottom">
              <div class="method">
                <div class="method-content">
                  <a name="sanityTest(My Credit Monitor, https://pguk-hx.ie1.qa2b.affiniongroup.com/?source=rqkQ2GTcaKt64j+2BMdssg, chrome...)">
                  </a> <!-- sanityTest(My Credit Monitor, https://pguk-hx.ie1.qa2b.affiniongroup.com/?source=rqkQ2GTcaKt64j+2BMdssg, chrome...) -->
                  <span class="method-name">sanityTest</span>
                  <span class="parameters">(My Credit Monitor, https://pguk-hx.ie1.qa2b.affiniongroup.com/?source=rqkQ2GTcaKt64j+2BMdssg, chrome, dpatel@tavisca.com, Password1, y)</span>
                </div> <!-- method-content -->
              </div> <!-- method -->
            </div> <!-- main-panel-content rounded-window-bottom -->
          </div> <!-- suite-Data_Driven_Test-class-passed -->
        </div> <!-- panel Data_Driven_Test -->
        <div panel-name="test-xml-Data_Driven_Test" class="panel">
          <div class="main-panel-header rounded-window-top">
            <span class="header-content">C:\Users\VikramPhatangare\eclipse-workspace\PageObjectModelWithPageFactories\src\test\resources\runner\testng.xml</span>
          </div> <!-- main-panel-header rounded-window-top -->
          <div class="main-panel-content rounded-window-bottom">
            <pre>
&lt;?xml version=&quot;1.0&quot; encoding=&quot;UTF-8&quot;?&gt;
&lt;!DOCTYPE suite SYSTEM &quot;http://testng.org/testng-1.0.dtd&quot;&gt;
&lt;suite guice-stage=&quot;DEVELOPMENT&quot; name=&quot;Data Driven Test&quot;&gt;
  &lt;listeners&gt;
    &lt;listener class-name=&quot;org.uncommons.reportng.HTMLReporter&quot;/&gt;
    &lt;listener class-name=&quot;extentlisteners.ExtentListeners&quot;/&gt;
    &lt;listener class-name=&quot;extentlisteners.CustomListeners&quot;/&gt;
  &lt;/listeners&gt;
  &lt;test thread-count=&quot;5&quot; name=&quot;Sanity Test&quot;&gt;
    &lt;classes&gt;
      &lt;class name=&quot;testcases.SanityTest&quot;/&gt;
      &lt;class name=&quot;testcases.V2E_Tests&quot;/&gt;
    &lt;/classes&gt;
  &lt;/test&gt; &lt;!-- Sanity Test --&gt;
&lt;/suite&gt; &lt;!-- Data Driven Test --&gt;
            </pre>
          </div> <!-- main-panel-content rounded-window-bottom -->
        </div> <!-- panel -->
        <div panel-name="testlist-Data_Driven_Test" class="panel">
          <div class="main-panel-header rounded-window-top">
            <span class="header-content">Tests for Data Driven Test</span>
          </div> <!-- main-panel-header rounded-window-top -->
          <div class="main-panel-content rounded-window-bottom">
            <ul>
              <li>
                <span class="test-name">Sanity Test (2 classes)</span>
              </li>
            </ul>
          </div> <!-- main-panel-content rounded-window-bottom -->
        </div> <!-- panel -->
        <div panel-name="group-Data_Driven_Test" class="panel">
          <div class="main-panel-header rounded-window-top">
            <span class="header-content">Groups for Data Driven Test</span>
          </div> <!-- main-panel-header rounded-window-top -->
          <div class="main-panel-content rounded-window-bottom">
          </div> <!-- main-panel-content rounded-window-bottom -->
        </div> <!-- panel -->
        <div panel-name="times-Data_Driven_Test" class="panel">
          <div class="main-panel-header rounded-window-top">
            <span class="header-content">Times for Data Driven Test</span>
          </div> <!-- main-panel-header rounded-window-top -->
          <div class="main-panel-content rounded-window-bottom">
            <div class="times-div">
              <script type="text/javascript">
suiteTableInitFunctions.push('tableData_Data_Driven_Test');
function tableData_Data_Driven_Test() {
var data = new google.visualization.DataTable();
data.addColumn('number', 'Number');
data.addColumn('string', 'Method');
data.addColumn('string', 'Class');
data.addColumn('number', 'Time (ms)');
data.addRows(9);
data.setCell(0, 0, 0)
data.setCell(0, 1, 'sanityTest')
data.setCell(0, 2, 'testcases.SanityTest')
data.setCell(0, 3, 37730);
data.setCell(1, 0, 1)
data.setCell(1, 1, 'sampleTest')
data.setCell(1, 2, 'testcases.V2E_Tests')
data.setCell(1, 3, 32000);
data.setCell(2, 0, 2)
data.setCell(2, 1, 'sampleTest')
data.setCell(2, 2, 'testcases.V2E_Tests')
data.setCell(2, 3, 16455);
data.setCell(3, 0, 3)
data.setCell(3, 1, 'sanityTest')
data.setCell(3, 2, 'testcases.SanityTest')
data.setCell(3, 3, 2015);
data.setCell(4, 0, 4)
data.setCell(4, 1, 'sanityTest')
data.setCell(4, 2, 'testcases.SanityTest')
data.setCell(4, 3, 2015);
data.setCell(5, 0, 5)
data.setCell(5, 1, 'sanityTest')
data.setCell(5, 2, 'testcases.SanityTest')
data.setCell(5, 3, 2011);
data.setCell(6, 0, 6)
data.setCell(6, 1, 'sanityTest')
data.setCell(6, 2, 'testcases.SanityTest')
data.setCell(6, 3, 2010);
data.setCell(7, 0, 7)
data.setCell(7, 1, 'sanityTest')
data.setCell(7, 2, 'testcases.SanityTest')
data.setCell(7, 3, 2008);
data.setCell(8, 0, 8)
data.setCell(8, 1, 'sanityTest')
data.setCell(8, 2, 'testcases.SanityTest')
data.setCell(8, 3, 2006);
window.suiteTableData['Data_Driven_Test']= { tableData: data, tableDiv: 'times-div-Data_Driven_Test'}
return data;
}
              </script>
              <span class="suite-total-time">Total running time: 1 minutes</span>
              <div id="times-div-Data_Driven_Test">
              </div> <!-- times-div-Data_Driven_Test -->
            </div> <!-- times-div -->
          </div> <!-- main-panel-content rounded-window-bottom -->
        </div> <!-- panel -->
        <div panel-name="reporter-Data_Driven_Test" class="panel">
          <div class="main-panel-header rounded-window-top">
            <span class="header-content">Reporter output for Data Driven Test</span>
          </div> <!-- main-panel-header rounded-window-top -->
          <div class="main-panel-content rounded-window-bottom">
            <div class="reporter-method-div">
              <span class="reporter-method-name">sampleTest(https://www.gmail.com, chrome)</span>
              <div class="reporter-method-output-div">
                <span class="reporter-method-output"><a href=Thu_Sep_22_20_35_54_IST_2022.jpg target="_blank">Screenshot link</a></span>
                <span class="reporter-method-output"><br></span>
                <span class="reporter-method-output"><a href=Thu_Sep_22_20_35_54_IST_2022.jpg target="_blank"><img src=Thu_Sep_22_20_35_54_IST_2022.jpg height=200 width=200></a></span>
              </div> <!-- reporter-method-output-div -->
            </div> <!-- reporter-method-div -->
            <div class="reporter-method-div">
              <span class="reporter-method-name">sampleTest(https://www.google.com, chrome)</span>
              <div class="reporter-method-output-div">
                <span class="reporter-method-output"><a href=Thu_Sep_22_20_35_21_IST_2022.jpg target="_blank">Screenshot link</a></span>
                <span class="reporter-method-output"><br></span>
                <span class="reporter-method-output"><a href=Thu_Sep_22_20_35_21_IST_2022.jpg target="_blank"><img src=Thu_Sep_22_20_35_21_IST_2022.jpg height=200 width=200></a></span>
              </div> <!-- reporter-method-output-div -->
            </div> <!-- reporter-method-div -->
          </div> <!-- main-panel-content rounded-window-bottom -->
        </div> <!-- panel -->
        <div panel-name="ignored-methods-Data_Driven_Test" class="panel">
          <div class="main-panel-header rounded-window-top">
            <span class="header-content">0 ignored methods</span>
          </div> <!-- main-panel-header rounded-window-top -->
          <div class="main-panel-content rounded-window-bottom">
          </div> <!-- main-panel-content rounded-window-bottom -->
        </div> <!-- panel -->
        <div panel-name="chronological-Data_Driven_Test" class="panel">
          <div class="main-panel-header rounded-window-top">
            <span class="header-content">Methods in chronological order</span>
          </div> <!-- main-panel-header rounded-window-top -->
          <div class="main-panel-content rounded-window-bottom">
            <div class="chronological-class">
              <div class="chronological-class-name">testcases.SanityTest</div> <!-- chronological-class-name -->
              <div class="test-method">
                <span class="method-name">sanityTest(My Credit Monitor, https://pguk-hx.ie1.qa2b.affiniongroup.com/?source=rqkQ2GTcaKt64j+2BMdssg, chrome...)</span>
                <span class="method-start">0 ms</span>
              </div> <!-- test-method -->
              <div class="configuration-method after">
                <span class="method-name">tearDown</span>
                <span class="method-start">37791 ms</span>
              </div> <!-- configuration-method after -->
              <div class="test-method">
                <span class="method-name">sanityTest(Privacy Guard UK, https://pguk-hx.ie1.qa2b.affiniongroup.com/?source=jC7IAYwrzsRyfyw34Q8u6w==, chrom...)</span>
                <span class="method-start">38480 ms</span>
              </div> <!-- test-method -->
              <div class="configuration-method after">
                <span class="method-name">tearDown</span>
                <span class="method-start">40505 ms</span>
              </div> <!-- configuration-method after -->
              <div class="test-method">
                <span class="method-name">sanityTest(Manage my credit, https://pguk-hx.ie1.qa2b.affiniongroup.com/?ref=UKAIHOMEPG0026, chrome, testdata@g...)</span>
                <span class="method-start">40507 ms</span>
              </div> <!-- test-method -->
              <div class="configuration-method after">
                <span class="method-name">tearDown</span>
                <span class="method-start">42518 ms</span>
              </div> <!-- configuration-method after -->
              <div class="test-method">
                <span class="method-name">sanityTest(Identity Secure, https:///pguk-hx.ie1.qa2b.affiniongroup.com/?ref=UKLZ1STDFLT0002, chrome, diptipate...)</span>
                <span class="method-start">42523 ms</span>
              </div> <!-- test-method -->
              <div class="configuration-method after">
                <span class="method-name">tearDown</span>
                <span class="method-start">44532 ms</span>
              </div> <!-- configuration-method after -->
              <div class="test-method">
                <span class="method-name">sanityTest((Vanquis) Credit Tracker Identiy, https://pguk-hx.ie1.qa2b.affiniongroup.com/?source=OnSaHXM7BvXQ6mD...)</span>
                <span class="method-start">44532 ms</span>
              </div> <!-- test-method -->
              <div class="configuration-method after">
                <span class="method-name">tearDown</span>
                <span class="method-start">46550 ms</span>
              </div> <!-- configuration-method after -->
              <div class="test-method">
                <span class="method-name">sanityTest(My Credit Tracker, https://pguk-hx.ie1.qa2b.affiniongroup.com/?ref=UKGENSTDFLT0002, chrome, jennysto...)</span>
                <span class="method-start">46552 ms</span>
              </div> <!-- test-method -->
              <div class="configuration-method after">
                <span class="method-name">tearDown</span>
                <span class="method-start">48563 ms</span>
              </div> <!-- configuration-method after -->
              <div class="test-method">
                <span class="method-name">sanityTest(American Express Identity Defence, https://pguk-hx.ie1.qa2b.affiniongroup.com/?ref=UKAMXSTDFLT0001, ...)</span>
                <span class="method-start">48563 ms</span>
              </div> <!-- test-method -->
              <div class="configuration-method after">
                <span class="method-name">tearDown</span>
                <span class="method-start">50582 ms</span>
              </div> <!-- configuration-method after -->
            </div> <!-- chronological-class -->
            <div class="chronological-class">
              <div class="chronological-class-name">testcases.V2E_Tests</div> <!-- chronological-class-name -->
              <div class="test-method">
                <img src="failed.png">
                </img>
                <span class="method-name">sampleTest(https://www.google.com, chrome)</span>
                <span class="method-start">50609 ms</span>
              </div> <!-- test-method -->
              <div class="configuration-method after">
                <span class="method-name">tearDown</span>
                <span class="method-start">67280 ms</span>
              </div> <!-- configuration-method after -->
              <div class="test-method">
                <img src="failed.png">
                </img>
                <span class="method-name">sampleTest(https://www.gmail.com, chrome)</span>
                <span class="method-start">67962 ms</span>
              </div> <!-- test-method -->
              <div class="configuration-method after">
                <span class="method-name">tearDown</span>
                <span class="method-start">100091 ms</span>
              </div> <!-- configuration-method after -->
          </div> <!-- main-panel-content rounded-window-bottom -->
        </div> <!-- panel -->
      </div> <!-- main-panel-root -->
    </div> <!-- wrapper -->
  </body>
</html>
