<?xml version="1.0" encoding="UTF-8"?>
<testng-results skipped="0" failed="3" ignored="0" total="8" passed="5">
  <reporter-output>
    <line>
      <![CDATA[<a href=Mon_Sep_19_20_15_31_IST_2022.jpg target="_blank">Screenshot link</a>]]>
    </line>
    <line>
      <![CDATA[<br>]]>
    </line>
    <line>
      <![CDATA[<a href=Mon_Sep_19_20_15_31_IST_2022.jpg target="_blank"><img src=Mon_Sep_19_20_15_31_IST_2022.jpg height=200 width=200></a>]]>
    </line>
    <line>
      <![CDATA[<a href=Mon_Sep_19_20_15_43_IST_2022.jpg target="_blank">Screenshot link</a>]]>
    </line>
    <line>
      <![CDATA[<br>]]>
    </line>
    <line>
      <![CDATA[<a href=Mon_Sep_19_20_15_43_IST_2022.jpg target="_blank"><img src=Mon_Sep_19_20_15_43_IST_2022.jpg height=200 width=200></a>]]>
    </line>
    <line>
      <![CDATA[<a href=Mon_Sep_19_20_16_05_IST_2022.jpg target="_blank">Screenshot link</a>]]>
    </line>
    <line>
      <![CDATA[<br>]]>
    </line>
    <line>
      <![CDATA[<a href=Mon_Sep_19_20_16_05_IST_2022.jpg target="_blank"><img src=Mon_Sep_19_20_16_05_IST_2022.jpg height=200 width=200></a>]]>
    </line>
  </reporter-output>
  <suite name="Data Driven Test" duration-ms="92360" started-at="2022-09-19T14:44:33Z" finished-at="2022-09-19T14:46:06Z">
    <groups>
    </groups>
    <test name="Find Car Test" duration-ms="46384" started-at="2022-09-19T14:44:33Z" finished-at="2022-09-19T14:45:20Z">
      <class name="testcases.FindCarTest">
        <test-method status="PASS" signature="findCarTest(java.lang.String, java.lang.String, java.lang.String)[pri:0, instance:testcases.FindCarTest@2a265ea9]" name="findCarTest" duration-ms="11894" started-at="2022-09-19T14:44:33Z" data-provider="dp" finished-at="2022-09-19T14:44:45Z">
          <params>
            <param index="0">
              <value>
                <![CDATA[Maruti]]>
              </value>
            </param>
            <param index="1">
              <value>
                <![CDATA[chrome]]>
              </value>
            </param>
            <param index="2">
              <value>
                <![CDATA[Y]]>
              </value>
            </param>
          </params>
          <reporter-output>
          </reporter-output>
        </test-method> <!-- findCarTest -->
        <test-method status="PASS" signature="tearDown()[pri:0, instance:testcases.FindCarTest@2a265ea9]" name="tearDown" is-config="true" duration-ms="799" started-at="2022-09-19T14:44:45Z" finished-at="2022-09-19T14:44:46Z">
          <reporter-output>
          </reporter-output>
        </test-method> <!-- tearDown -->
        <test-method status="PASS" signature="findCarTest(java.lang.String, java.lang.String, java.lang.String)[pri:0, instance:testcases.FindCarTest@2a265ea9]" name="findCarTest" duration-ms="10362" started-at="2022-09-19T14:44:46Z" data-provider="dp" finished-at="2022-09-19T14:44:57Z">
          <params>
            <param index="0">
              <value>
                <![CDATA[Toyota]]>
              </value>
            </param>
            <param index="1">
              <value>
                <![CDATA[chrome]]>
              </value>
            </param>
            <param index="2">
              <value>
                <![CDATA[Y]]>
              </value>
            </param>
          </params>
          <reporter-output>
          </reporter-output>
        </test-method> <!-- findCarTest -->
        <test-method status="PASS" signature="tearDown()[pri:0, instance:testcases.FindCarTest@2a265ea9]" name="tearDown" is-config="true" duration-ms="700" started-at="2022-09-19T14:44:57Z" finished-at="2022-09-19T14:44:57Z">
          <reporter-output>
          </reporter-output>
        </test-method> <!-- tearDown -->
        <test-method status="PASS" signature="findCarTest(java.lang.String, java.lang.String, java.lang.String)[pri:0, instance:testcases.FindCarTest@2a265ea9]" name="findCarTest" duration-ms="10411" started-at="2022-09-19T14:44:57Z" data-provider="dp" finished-at="2022-09-19T14:45:08Z">
          <params>
            <param index="0">
              <value>
                <![CDATA[Kia]]>
              </value>
            </param>
            <param index="1">
              <value>
                <![CDATA[chrome]]>
              </value>
            </param>
            <param index="2">
              <value>
                <![CDATA[Y]]>
              </value>
            </param>
          </params>
          <reporter-output>
          </reporter-output>
        </test-method> <!-- findCarTest -->
        <test-method status="PASS" signature="tearDown()[pri:0, instance:testcases.FindCarTest@2a265ea9]" name="tearDown" is-config="true" duration-ms="737" started-at="2022-09-19T14:45:08Z" finished-at="2022-09-19T14:45:08Z">
          <reporter-output>
          </reporter-output>
        </test-method> <!-- tearDown -->
        <test-method status="PASS" signature="findCarTest(java.lang.String, java.lang.String, java.lang.String)[pri:0, instance:testcases.FindCarTest@2a265ea9]" name="findCarTest" duration-ms="10680" started-at="2022-09-19T14:45:08Z" data-provider="dp" finished-at="2022-09-19T14:45:19Z">
          <params>
            <param index="0">
              <value>
                <![CDATA[Hyundai]]>
              </value>
            </param>
            <param index="1">
              <value>
                <![CDATA[chrome]]>
              </value>
            </param>
            <param index="2">
              <value>
                <![CDATA[Y]]>
              </value>
            </param>
          </params>
          <reporter-output>
          </reporter-output>
        </test-method> <!-- findCarTest -->
        <test-method status="PASS" signature="tearDown()[pri:0, instance:testcases.FindCarTest@2a265ea9]" name="tearDown" is-config="true" duration-ms="735" started-at="2022-09-19T14:45:19Z" finished-at="2022-09-19T14:45:20Z">
          <reporter-output>
          </reporter-output>
        </test-method> <!-- tearDown -->
      </class> <!-- testcases.FindCarTest -->
    </test> <!-- Find Car Test -->
    <test name="Car Price Test" duration-ms="45700" started-at="2022-09-19T14:45:20Z" finished-at="2022-09-19T14:46:06Z">
      <class name="testcases.CarPriceTest">
        <test-method status="FAIL" signature="carPriceTest(java.lang.String, java.lang.String, java.lang.String)[pri:0, instance:testcases.CarPriceTest@6bbe85a8]" name="carPriceTest" duration-ms="11106" started-at="2022-09-19T14:45:20Z" data-provider="dp" finished-at="2022-09-19T14:45:31Z">
          <params>
            <param index="0">
              <value>
                <![CDATA[Maruti]]>
              </value>
            </param>
            <param index="1">
              <value>
                <![CDATA[chrome]]>
              </value>
            </param>
            <param index="2">
              <value>
                <![CDATA[Y]]>
              </value>
            </param>
          </params>
          <exception class="java.lang.IndexOutOfBoundsException">
            <message>
              <![CDATA[Index: 15, Size: 15]]>
            </message>
            <full-stacktrace>
              <![CDATA[java.lang.IndexOutOfBoundsException: Index: 15, Size: 15
at java.util.ArrayList.rangeCheck(ArrayList.java:657)
at java.util.ArrayList.get(ArrayList.java:433)
at sun.reflect.GeneratedMethodAccessor4.invoke(Unknown Source)
at sun.reflect.DelegatingMethodAccessorImpl.invoke(DelegatingMethodAccessorImpl.java:43)
at java.lang.reflect.Method.invoke(Method.java:498)
at org.openqa.selenium.support.pagefactory.internal.LocatingElementListHandler.invoke(LocatingElementListHandler.java:39)
at com.sun.proxy.$Proxy10.get(Unknown Source)
at base.CarBase.getCarNameAndPrice(CarBase.java:49)
at testcases.CarPriceTest.carPriceTest(CarPriceTest.java:55)
at sun.reflect.NativeMethodAccessorImpl.invoke0(Native Method)
at sun.reflect.NativeMethodAccessorImpl.invoke(NativeMethodAccessorImpl.java:62)
at sun.reflect.DelegatingMethodAccessorImpl.invoke(DelegatingMethodAccessorImpl.java:43)
at java.lang.reflect.Method.invoke(Method.java:498)
at org.testng.internal.MethodInvocationHelper.invokeMethod(MethodInvocationHelper.java:124)
at org.testng.internal.Invoker.invokeMethod(Invoker.java:583)
at org.testng.internal.Invoker.invokeTestMethod(Invoker.java:719)
at org.testng.internal.Invoker.invokeTestMethods(Invoker.java:989)
at org.testng.internal.TestMethodWorker.invokeTestMethods(TestMethodWorker.java:125)
at org.testng.internal.TestMethodWorker.run(TestMethodWorker.java:109)
at org.testng.TestRunner.privateRun(TestRunner.java:648)
at org.testng.TestRunner.run(TestRunner.java:505)
at org.testng.SuiteRunner.runTest(SuiteRunner.java:455)
at org.testng.SuiteRunner.runSequentially(SuiteRunner.java:450)
at org.testng.SuiteRunner.privateRun(SuiteRunner.java:415)
at org.testng.SuiteRunner.run(SuiteRunner.java:364)
at org.testng.SuiteRunnerWorker.runSuite(SuiteRunnerWorker.java:52)
at org.testng.SuiteRunnerWorker.run(SuiteRunnerWorker.java:84)
at org.testng.TestNG.runSuitesSequentially(TestNG.java:1208)
at org.testng.TestNG.runSuitesLocally(TestNG.java:1137)
at org.testng.TestNG.runSuites(TestNG.java:1049)
at org.testng.TestNG.run(TestNG.java:1017)
at org.testng.remote.AbstractRemoteTestNG.run(AbstractRemoteTestNG.java:115)
at org.testng.remote.RemoteTestNG.initAndRun(RemoteTestNG.java:251)
at org.testng.remote.RemoteTestNG.main(RemoteTestNG.java:77)
]]>
            </full-stacktrace>
          </exception> <!-- java.lang.IndexOutOfBoundsException -->
          <reporter-output>
            <line>
              <![CDATA[<a href=Mon_Sep_19_20_15_31_IST_2022.jpg target="_blank">Screenshot link</a>]]>
            </line>
            <line>
              <![CDATA[<br>]]>
            </line>
            <line>
              <![CDATA[<a href=Mon_Sep_19_20_15_31_IST_2022.jpg target="_blank"><img src=Mon_Sep_19_20_15_31_IST_2022.jpg height=200 width=200></a>]]>
            </line>
          </reporter-output>
        </test-method> <!-- carPriceTest -->
        <test-method status="PASS" signature="tearDown()[pri:0, instance:testcases.CarPriceTest@6bbe85a8]" name="tearDown" is-config="true" duration-ms="748" started-at="2022-09-19T14:45:32Z" finished-at="2022-09-19T14:45:32Z">
          <reporter-output>
          </reporter-output>
        </test-method> <!-- tearDown -->
        <test-method status="FAIL" signature="carPriceTest(java.lang.String, java.lang.String, java.lang.String)[pri:0, instance:testcases.CarPriceTest@6bbe85a8]" name="carPriceTest" duration-ms="10427" started-at="2022-09-19T14:45:32Z" data-provider="dp" finished-at="2022-09-19T14:45:43Z">
          <params>
            <param index="0">
              <value>
                <![CDATA[Toyota]]>
              </value>
            </param>
            <param index="1">
              <value>
                <![CDATA[chrome]]>
              </value>
            </param>
            <param index="2">
              <value>
                <![CDATA[Y]]>
              </value>
            </param>
          </params>
          <exception class="java.lang.IndexOutOfBoundsException">
            <message>
              <![CDATA[Index: 8, Size: 8]]>
            </message>
            <full-stacktrace>
              <![CDATA[java.lang.IndexOutOfBoundsException: Index: 8, Size: 8
at java.util.ArrayList.rangeCheck(ArrayList.java:657)
at java.util.ArrayList.get(ArrayList.java:433)
at sun.reflect.GeneratedMethodAccessor4.invoke(Unknown Source)
at sun.reflect.DelegatingMethodAccessorImpl.invoke(DelegatingMethodAccessorImpl.java:43)
at java.lang.reflect.Method.invoke(Method.java:498)
at org.openqa.selenium.support.pagefactory.internal.LocatingElementListHandler.invoke(LocatingElementListHandler.java:39)
at com.sun.proxy.$Proxy10.get(Unknown Source)
at base.CarBase.getCarNameAndPrice(CarBase.java:49)
at testcases.CarPriceTest.carPriceTest(CarPriceTest.java:47)
at sun.reflect.NativeMethodAccessorImpl.invoke0(Native Method)
at sun.reflect.NativeMethodAccessorImpl.invoke(NativeMethodAccessorImpl.java:62)
at sun.reflect.DelegatingMethodAccessorImpl.invoke(DelegatingMethodAccessorImpl.java:43)
at java.lang.reflect.Method.invoke(Method.java:498)
at org.testng.internal.MethodInvocationHelper.invokeMethod(MethodInvocationHelper.java:124)
at org.testng.internal.Invoker.invokeMethod(Invoker.java:583)
at org.testng.internal.Invoker.invokeTestMethod(Invoker.java:719)
at org.testng.internal.Invoker.invokeTestMethods(Invoker.java:989)
at org.testng.internal.TestMethodWorker.invokeTestMethods(TestMethodWorker.java:125)
at org.testng.internal.TestMethodWorker.run(TestMethodWorker.java:109)
at org.testng.TestRunner.privateRun(TestRunner.java:648)
at org.testng.TestRunner.run(TestRunner.java:505)
at org.testng.SuiteRunner.runTest(SuiteRunner.java:455)
at org.testng.SuiteRunner.runSequentially(SuiteRunner.java:450)
at org.testng.SuiteRunner.privateRun(SuiteRunner.java:415)
at org.testng.SuiteRunner.run(SuiteRunner.java:364)
at org.testng.SuiteRunnerWorker.runSuite(SuiteRunnerWorker.java:52)
at org.testng.SuiteRunnerWorker.run(SuiteRunnerWorker.java:84)
at org.testng.TestNG.runSuitesSequentially(TestNG.java:1208)
at org.testng.TestNG.runSuitesLocally(TestNG.java:1137)
at org.testng.TestNG.runSuites(TestNG.java:1049)
at org.testng.TestNG.run(TestNG.java:1017)
at org.testng.remote.AbstractRemoteTestNG.run(AbstractRemoteTestNG.java:115)
at org.testng.remote.RemoteTestNG.initAndRun(RemoteTestNG.java:251)
at org.testng.remote.RemoteTestNG.main(RemoteTestNG.java:77)
]]>
            </full-stacktrace>
          </exception> <!-- java.lang.IndexOutOfBoundsException -->
          <reporter-output>
            <line>
              <![CDATA[<a href=Mon_Sep_19_20_15_43_IST_2022.jpg target="_blank">Screenshot link</a>]]>
            </line>
            <line>
              <![CDATA[<br>]]>
            </line>
            <line>
              <![CDATA[<a href=Mon_Sep_19_20_15_43_IST_2022.jpg target="_blank"><img src=Mon_Sep_19_20_15_43_IST_2022.jpg height=200 width=200></a>]]>
            </line>
          </reporter-output>
        </test-method> <!-- carPriceTest -->
        <test-method status="PASS" signature="tearDown()[pri:0, instance:testcases.CarPriceTest@6bbe85a8]" name="tearDown" is-config="true" duration-ms="770" started-at="2022-09-19T14:45:43Z" finished-at="2022-09-19T14:45:44Z">
          <reporter-output>
          </reporter-output>
        </test-method> <!-- tearDown -->
        <test-method status="PASS" signature="carPriceTest(java.lang.String, java.lang.String, java.lang.String)[pri:0, instance:testcases.CarPriceTest@6bbe85a8]" name="carPriceTest" duration-ms="9331" started-at="2022-09-19T14:45:44Z" data-provider="dp" finished-at="2022-09-19T14:45:53Z">
          <params>
            <param index="0">
              <value>
                <![CDATA[Kia]]>
              </value>
            </param>
            <param index="1">
              <value>
                <![CDATA[chrome]]>
              </value>
            </param>
            <param index="2">
              <value>
                <![CDATA[Y]]>
              </value>
            </param>
          </params>
          <reporter-output>
          </reporter-output>
        </test-method> <!-- carPriceTest -->
        <test-method status="PASS" signature="tearDown()[pri:0, instance:testcases.CarPriceTest@6bbe85a8]" name="tearDown" is-config="true" duration-ms="733" started-at="2022-09-19T14:45:53Z" finished-at="2022-09-19T14:45:54Z">
          <reporter-output>
          </reporter-output>
        </test-method> <!-- tearDown -->
        <test-method status="FAIL" signature="carPriceTest(java.lang.String, java.lang.String, java.lang.String)[pri:0, instance:testcases.CarPriceTest@6bbe85a8]" name="carPriceTest" duration-ms="10835" started-at="2022-09-19T14:45:54Z" data-provider="dp" finished-at="2022-09-19T14:46:05Z">
          <params>
            <param index="0">
              <value>
                <![CDATA[Hyundai]]>
              </value>
            </param>
            <param index="1">
              <value>
                <![CDATA[chrome]]>
              </value>
            </param>
            <param index="2">
              <value>
                <![CDATA[Y]]>
              </value>
            </param>
          </params>
          <exception class="java.lang.IndexOutOfBoundsException">
            <message>
              <![CDATA[Index: 11, Size: 11]]>
            </message>
            <full-stacktrace>
              <![CDATA[java.lang.IndexOutOfBoundsException: Index: 11, Size: 11
at java.util.ArrayList.rangeCheck(ArrayList.java:657)
at java.util.ArrayList.get(ArrayList.java:433)
at sun.reflect.GeneratedMethodAccessor4.invoke(Unknown Source)
at sun.reflect.DelegatingMethodAccessorImpl.invoke(DelegatingMethodAccessorImpl.java:43)
at java.lang.reflect.Method.invoke(Method.java:498)
at org.openqa.selenium.support.pagefactory.internal.LocatingElementListHandler.invoke(LocatingElementListHandler.java:39)
at com.sun.proxy.$Proxy10.get(Unknown Source)
at base.CarBase.getCarNameAndPrice(CarBase.java:49)
at testcases.CarPriceTest.carPriceTest(CarPriceTest.java:30)
at sun.reflect.NativeMethodAccessorImpl.invoke0(Native Method)
at sun.reflect.NativeMethodAccessorImpl.invoke(NativeMethodAccessorImpl.java:62)
at sun.reflect.DelegatingMethodAccessorImpl.invoke(DelegatingMethodAccessorImpl.java:43)
at java.lang.reflect.Method.invoke(Method.java:498)
at org.testng.internal.MethodInvocationHelper.invokeMethod(MethodInvocationHelper.java:124)
at org.testng.internal.Invoker.invokeMethod(Invoker.java:583)
at org.testng.internal.Invoker.invokeTestMethod(Invoker.java:719)
at org.testng.internal.Invoker.invokeTestMethods(Invoker.java:989)
at org.testng.internal.TestMethodWorker.invokeTestMethods(TestMethodWorker.java:125)
at org.testng.internal.TestMethodWorker.run(TestMethodWorker.java:109)
at org.testng.TestRunner.privateRun(TestRunner.java:648)
at org.testng.TestRunner.run(TestRunner.java:505)
at org.testng.SuiteRunner.runTest(SuiteRunner.java:455)
at org.testng.SuiteRunner.runSequentially(SuiteRunner.java:450)
at org.testng.SuiteRunner.privateRun(SuiteRunner.java:415)
at org.testng.SuiteRunner.run(SuiteRunner.java:364)
at org.testng.SuiteRunnerWorker.runSuite(SuiteRunnerWorker.java:52)
at org.testng.SuiteRunnerWorker.run(SuiteRunnerWorker.java:84)
at org.testng.TestNG.runSuitesSequentially(TestNG.java:1208)
at org.testng.TestNG.runSuitesLocally(TestNG.java:1137)
at org.testng.TestNG.runSuites(TestNG.java:1049)
at org.testng.TestNG.run(TestNG.java:1017)
at org.testng.remote.AbstractRemoteTestNG.run(AbstractRemoteTestNG.java:115)
at org.testng.remote.RemoteTestNG.initAndRun(RemoteTestNG.java:251)
at org.testng.remote.RemoteTestNG.main(RemoteTestNG.java:77)
]]>
            </full-stacktrace>
          </exception> <!-- java.lang.IndexOutOfBoundsException -->
          <reporter-output>
            <line>
              <![CDATA[<a href=Mon_Sep_19_20_16_05_IST_2022.jpg target="_blank">Screenshot link</a>]]>
            </line>
            <line>
              <![CDATA[<br>]]>
            </line>
            <line>
              <![CDATA[<a href=Mon_Sep_19_20_16_05_IST_2022.jpg target="_blank"><img src=Mon_Sep_19_20_16_05_IST_2022.jpg height=200 width=200></a>]]>
            </line>
          </reporter-output>
        </test-method> <!-- carPriceTest -->
        <test-method status="PASS" signature="tearDown()[pri:0, instance:testcases.CarPriceTest@6bbe85a8]" name="tearDown" is-config="true" duration-ms="796" started-at="2022-09-19T14:46:05Z" finished-at="2022-09-19T14:46:06Z">
          <reporter-output>
          </reporter-output>
        </test-method> <!-- tearDown -->
      </class> <!-- testcases.CarPriceTest -->
    </test> <!-- Car Price Test -->
  </suite> <!-- Data Driven Test -->
</testng-results>
